2025-08-01 14:58:55 - INFO - 
Consultando clima de: São Paulo - BR
2025-08-01 14:58:55 - INFO - Parâmetros: {'q': 'São Paulo,BR', 'appid': '053d49f28385aa3f0ca96e7ba20e2f6d', 'units': 'metric', 'lang': 'pt_br'}
2025-08-01 14:58:56 - INFO - Status Code: 200
2025-08-01 14:58:56 - INFO - Dados extraídos com sucesso!
2025-08-01 14:58:57 - INFO - 
Consultando clima de: Rio de Janeiro - BR
2025-08-01 14:58:57 - INFO - Parâmetros: {'q': 'Rio de Janeiro,BR', 'appid': '053d49f28385aa3f0ca96e7ba20e2f6d', 'units': 'metric', 'lang': 'pt_br'}
2025-08-01 14:58:58 - INFO - Status Code: 200
2025-08-01 14:58:58 - INFO - Dados extraídos com sucesso!
2025-08-01 14:58:59 - INFO - 
Consultando clima de: Jundiaí - BR
2025-08-01 14:58:59 - INFO - Parâmetros: {'q': 'Jundiaí,BR', 'appid': '053d49f28385aa3f0ca96e7ba20e2f6d', 'units': 'metric', 'lang': 'pt_br'}
2025-08-01 14:59:00 - INFO - Status Code: 200
2025-08-01 14:59:00 - INFO - Dados extraídos com sucesso!
2025-08-01 14:59:01 - INFO - 
Consultando clima de: Cambuí - BR
2025-08-01 14:59:01 - INFO - Parâmetros: {'q': 'Cambuí,BR', 'appid': '053d49f28385aa3f0ca96e7ba20e2f6d', 'units': 'metric', 'lang': 'pt_br'}
2025-08-01 14:59:02 - INFO - Status Code: 200
2025-08-01 14:59:02 - INFO - Dados extraídos com sucesso!
2025-08-01 14:59:03 - INFO - 
Arquivo 'clima_atual.csv' salvo com sucesso!
